2023-02-23 16:00:26.260823-08:00 [notice] Starting eturnal 1.10.1 on Erlang/OTP 25 (ERTS 13.1.2)
2023-02-23 16:00:26.260892-08:00 [info] Got no NOTIFY_SOCKET, notifications disabled
2023-02-23 16:00:26.260927-08:00 [info] Relay IPv4 address not configured
2023-02-23 16:00:26.260944-08:00 [info] Relay IPv6 address not configured
2023-02-23 16:00:26.261112-08:00 [info] Listening on 127.0.0.1:36537 (tcp) (Erlang protocol version 6)
2023-02-23 16:00:26.261190-08:00 [critical] Aborting: Cannot create run directory run: permission denied
2023-02-23 16:00:27.557007-08:00 [notice] Starting eturnal 1.10.1 on Erlang/OTP 25 (ERTS 13.1.2)
2023-02-23 16:00:27.557070-08:00 [info] Got no NOTIFY_SOCKET, notifications disabled
2023-02-23 16:00:27.557105-08:00 [info] Relay IPv4 address not configured
2023-02-23 16:00:27.557121-08:00 [info] Relay IPv6 address not configured
2023-02-23 16:00:27.557287-08:00 [info] Listening on 127.0.0.1:43839 (tcp) (Erlang protocol version 6)
2023-02-23 16:00:27.557362-08:00 [critical] Aborting: Cannot create run directory run: permission denied
2023-02-23 16:00:28.859118-08:00 [notice] Starting eturnal 1.10.1 on Erlang/OTP 25 (ERTS 13.1.2)
2023-02-23 16:00:28.859179-08:00 [info] Got no NOTIFY_SOCKET, notifications disabled
2023-02-23 16:00:28.859213-08:00 [info] Relay IPv4 address not configured
2023-02-23 16:00:28.859229-08:00 [info] Relay IPv6 address not configured
2023-02-23 16:00:28.859396-08:00 [info] Listening on 127.0.0.1:35435 (tcp) (Erlang protocol version 6)
2023-02-23 16:00:28.859471-08:00 [critical] Aborting: Cannot create run directory run: permission denied
2023-02-23 16:00:30.157006-08:00 [notice] Starting eturnal 1.10.1 on Erlang/OTP 25 (ERTS 13.1.2)
2023-02-23 16:00:30.157066-08:00 [info] Got no NOTIFY_SOCKET, notifications disabled
2023-02-23 16:00:30.157101-08:00 [info] Relay IPv4 address not configured
2023-02-23 16:00:30.157118-08:00 [info] Relay IPv6 address not configured
2023-02-23 16:00:30.157279-08:00 [info] Listening on 127.0.0.1:38461 (tcp) (Erlang protocol version 6)
2023-02-23 16:00:30.157364-08:00 [critical] Aborting: Cannot create run directory run: permission denied
2023-02-23 16:00:31.468106-08:00 [notice] Starting eturnal 1.10.1 on Erlang/OTP 25 (ERTS 13.1.2)
2023-02-23 16:00:31.468178-08:00 [info] Got no NOTIFY_SOCKET, notifications disabled
2023-02-23 16:00:31.468228-08:00 [info] Relay IPv4 address not configured
2023-02-23 16:00:31.468248-08:00 [info] Relay IPv6 address not configured
2023-02-23 16:00:31.468440-08:00 [info] Listening on 127.0.0.1:38589 (tcp) (Erlang protocol version 6)
2023-02-23 16:00:31.468546-08:00 [critical] Aborting: Cannot create run directory run: permission denied
2023-02-23 16:00:32.773828-08:00 [notice] Starting eturnal 1.10.1 on Erlang/OTP 25 (ERTS 13.1.2)
2023-02-23 16:00:32.773898-08:00 [info] Got no NOTIFY_SOCKET, notifications disabled
2023-02-23 16:00:32.773940-08:00 [info] Relay IPv4 address not configured
2023-02-23 16:00:32.773961-08:00 [info] Relay IPv6 address not configured
2023-02-23 16:00:32.774133-08:00 [info] Listening on 127.0.0.1:45157 (tcp) (Erlang protocol version 6)
2023-02-23 16:00:32.774216-08:00 [critical] Aborting: Cannot create run directory run: permission denied
2023-02-23 16:00:34.073381-08:00 [notice] Starting eturnal 1.10.1 on Erlang/OTP 25 (ERTS 13.1.2)
2023-02-23 16:00:34.073454-08:00 [info] Got no NOTIFY_SOCKET, notifications disabled
2023-02-23 16:00:34.073495-08:00 [info] Relay IPv4 address not configured
2023-02-23 16:00:34.073514-08:00 [info] Relay IPv6 address not configured
2023-02-23 16:00:34.073695-08:00 [info] Listening on 127.0.0.1:37025 (tcp) (Erlang protocol version 6)
2023-02-23 16:00:34.073784-08:00 [critical] Aborting: Cannot create run directory run: permission denied
2023-02-23 16:00:35.379474-08:00 [notice] Starting eturnal 1.10.1 on Erlang/OTP 25 (ERTS 13.1.2)
2023-02-23 16:00:35.379534-08:00 [info] Got no NOTIFY_SOCKET, notifications disabled
2023-02-23 16:00:35.379568-08:00 [info] Relay IPv4 address not configured
2023-02-23 16:00:35.379584-08:00 [info] Relay IPv6 address not configured
2023-02-23 16:00:35.379740-08:00 [info] Listening on 127.0.0.1:35353 (tcp) (Erlang protocol version 6)
2023-02-23 16:00:35.379812-08:00 [critical] Aborting: Cannot create run directory run: permission denied
2023-02-23 16:00:36.676402-08:00 [notice] Starting eturnal 1.10.1 on Erlang/OTP 25 (ERTS 13.1.2)
2023-02-23 16:00:36.676467-08:00 [info] Got no NOTIFY_SOCKET, notifications disabled
2023-02-23 16:00:36.676509-08:00 [info] Relay IPv4 address not configured
2023-02-23 16:00:36.676527-08:00 [info] Relay IPv6 address not configured
2023-02-23 16:00:36.676693-08:00 [info] Listening on 127.0.0.1:45051 (tcp) (Erlang protocol version 6)
2023-02-23 16:00:36.676775-08:00 [critical] Aborting: Cannot create run directory run: permission denied
2023-02-23 16:00:37.974746-08:00 [notice] Starting eturnal 1.10.1 on Erlang/OTP 25 (ERTS 13.1.2)
2023-02-23 16:00:37.974805-08:00 [info] Got no NOTIFY_SOCKET, notifications disabled
2023-02-23 16:00:37.974839-08:00 [info] Relay IPv4 address not configured
2023-02-23 16:00:37.974854-08:00 [info] Relay IPv6 address not configured
2023-02-23 16:00:37.975010-08:00 [info] Listening on 127.0.0.1:34819 (tcp) (Erlang protocol version 6)
2023-02-23 16:00:37.975084-08:00 [critical] Aborting: Cannot create run directory run: permission denied
2023-02-23 16:00:39.274600-08:00 [notice] Starting eturnal 1.10.1 on Erlang/OTP 25 (ERTS 13.1.2)
2023-02-23 16:00:39.274660-08:00 [info] Got no NOTIFY_SOCKET, notifications disabled
2023-02-23 16:00:39.274695-08:00 [info] Relay IPv4 address not configured
2023-02-23 16:00:39.274712-08:00 [info] Relay IPv6 address not configured
2023-02-23 16:00:39.274875-08:00 [info] Listening on 127.0.0.1:42961 (tcp) (Erlang protocol version 6)
2023-02-23 16:00:39.274963-08:00 [critical] Aborting: Cannot create run directory run: permission denied
2023-02-23 16:00:40.572542-08:00 [notice] Starting eturnal 1.10.1 on Erlang/OTP 25 (ERTS 13.1.2)
2023-02-23 16:00:40.572609-08:00 [info] Got no NOTIFY_SOCKET, notifications disabled
2023-02-23 16:00:40.572652-08:00 [info] Relay IPv4 address not configured
2023-02-23 16:00:40.572671-08:00 [info] Relay IPv6 address not configured
2023-02-23 16:00:40.572869-08:00 [info] Listening on 127.0.0.1:40649 (tcp) (Erlang protocol version 6)
2023-02-23 16:00:40.572959-08:00 [critical] Aborting: Cannot create run directory run: permission denied
2023-02-23 16:00:41.879984-08:00 [notice] Starting eturnal 1.10.1 on Erlang/OTP 25 (ERTS 13.1.2)
2023-02-23 16:00:41.880046-08:00 [info] Got no NOTIFY_SOCKET, notifications disabled
2023-02-23 16:00:41.880083-08:00 [info] Relay IPv4 address not configured
2023-02-23 16:00:41.880103-08:00 [info] Relay IPv6 address not configured
2023-02-23 16:00:41.880294-08:00 [info] Listening on 127.0.0.1:42263 (tcp) (Erlang protocol version 6)
2023-02-23 16:00:41.880383-08:00 [critical] Aborting: Cannot create run directory run: permission denied
2023-02-23 16:00:43.186241-08:00 [notice] Starting eturnal 1.10.1 on Erlang/OTP 25 (ERTS 13.1.2)
2023-02-23 16:00:43.186300-08:00 [info] Got no NOTIFY_SOCKET, notifications disabled
2023-02-23 16:00:43.186336-08:00 [info] Relay IPv4 address not configured
2023-02-23 16:00:43.186352-08:00 [info] Relay IPv6 address not configured
2023-02-23 16:00:43.186518-08:00 [info] Listening on 127.0.0.1:43725 (tcp) (Erlang protocol version 6)
2023-02-23 16:00:43.186592-08:00 [critical] Aborting: Cannot create run directory run: permission denied
2023-02-23 16:00:44.481476-08:00 [notice] Starting eturnal 1.10.1 on Erlang/OTP 25 (ERTS 13.1.2)
2023-02-23 16:00:44.481537-08:00 [info] Got no NOTIFY_SOCKET, notifications disabled
2023-02-23 16:00:44.481570-08:00 [info] Relay IPv4 address not configured
2023-02-23 16:00:44.481585-08:00 [info] Relay IPv6 address not configured
2023-02-23 16:00:44.481745-08:00 [info] Listening on 127.0.0.1:43699 (tcp) (Erlang protocol version 6)
2023-02-23 16:00:44.481818-08:00 [critical] Aborting: Cannot create run directory run: permission denied
2023-02-23 16:00:45.781390-08:00 [notice] Starting eturnal 1.10.1 on Erlang/OTP 25 (ERTS 13.1.2)
2023-02-23 16:00:45.781452-08:00 [info] Got no NOTIFY_SOCKET, notifications disabled
2023-02-23 16:00:45.781486-08:00 [info] Relay IPv4 address not configured
2023-02-23 16:00:45.781502-08:00 [info] Relay IPv6 address not configured
2023-02-23 16:00:45.781667-08:00 [info] Listening on 127.0.0.1:44095 (tcp) (Erlang protocol version 6)
2023-02-23 16:00:45.781739-08:00 [critical] Aborting: Cannot create run directory run: permission denied
2023-02-23 16:00:47.094152-08:00 [notice] Starting eturnal 1.10.1 on Erlang/OTP 25 (ERTS 13.1.2)
2023-02-23 16:00:47.094238-08:00 [info] Got no NOTIFY_SOCKET, notifications disabled
2023-02-23 16:00:47.094285-08:00 [info] Relay IPv4 address not configured
2023-02-23 16:00:47.094308-08:00 [info] Relay IPv6 address not configured
2023-02-23 16:00:47.094506-08:00 [info] Listening on 127.0.0.1:42777 (tcp) (Erlang protocol version 6)
2023-02-23 16:00:47.094606-08:00 [critical] Aborting: Cannot create run directory run: permission denied
2023-02-23 16:00:48.410513-08:00 [notice] Starting eturnal 1.10.1 on Erlang/OTP 25 (ERTS 13.1.2)
2023-02-23 16:00:48.410585-08:00 [info] Got no NOTIFY_SOCKET, notifications disabled
2023-02-23 16:00:48.410629-08:00 [info] Relay IPv4 address not configured
2023-02-23 16:00:48.410648-08:00 [info] Relay IPv6 address not configured
2023-02-23 16:00:48.410837-08:00 [info] Listening on 127.0.0.1:37893 (tcp) (Erlang protocol version 6)
2023-02-23 16:00:48.410933-08:00 [critical] Aborting: Cannot create run directory run: permission denied
2023-02-23 16:00:49.718909-08:00 [notice] Starting eturnal 1.10.1 on Erlang/OTP 25 (ERTS 13.1.2)
2023-02-23 16:00:49.718970-08:00 [info] Got no NOTIFY_SOCKET, notifications disabled
2023-02-23 16:00:49.719003-08:00 [info] Relay IPv4 address not configured
2023-02-23 16:00:49.719019-08:00 [info] Relay IPv6 address not configured
2023-02-23 16:00:49.719180-08:00 [info] Listening on 127.0.0.1:35435 (tcp) (Erlang protocol version 6)
2023-02-23 16:00:49.719258-08:00 [critical] Aborting: Cannot create run directory run: permission denied
2023-02-23 16:00:51.021149-08:00 [notice] Starting eturnal 1.10.1 on Erlang/OTP 25 (ERTS 13.1.2)
2023-02-23 16:00:51.021212-08:00 [info] Got no NOTIFY_SOCKET, notifications disabled
2023-02-23 16:00:51.021251-08:00 [info] Relay IPv4 address not configured
2023-02-23 16:00:51.021271-08:00 [info] Relay IPv6 address not configured
2023-02-23 16:00:51.021457-08:00 [info] Listening on 127.0.0.1:39221 (tcp) (Erlang protocol version 6)
2023-02-23 16:00:51.021537-08:00 [critical] Aborting: Cannot create run directory run: permission denied
2023-02-23 16:00:52.326444-08:00 [notice] Starting eturnal 1.10.1 on Erlang/OTP 25 (ERTS 13.1.2)
2023-02-23 16:00:52.326502-08:00 [info] Got no NOTIFY_SOCKET, notifications disabled
2023-02-23 16:00:52.326537-08:00 [info] Relay IPv4 address not configured
2023-02-23 16:00:52.326553-08:00 [info] Relay IPv6 address not configured
2023-02-23 16:00:52.326710-08:00 [info] Listening on 127.0.0.1:42367 (tcp) (Erlang protocol version 6)
2023-02-23 16:00:52.326790-08:00 [critical] Aborting: Cannot create run directory run: permission denied
2023-02-23 16:00:53.617329-08:00 [notice] Starting eturnal 1.10.1 on Erlang/OTP 25 (ERTS 13.1.2)
2023-02-23 16:00:53.617406-08:00 [info] Got no NOTIFY_SOCKET, notifications disabled
2023-02-23 16:00:53.617441-08:00 [info] Relay IPv4 address not configured
2023-02-23 16:00:53.617457-08:00 [info] Relay IPv6 address not configured
2023-02-23 16:00:53.617620-08:00 [info] Listening on 127.0.0.1:43681 (tcp) (Erlang protocol version 6)
2023-02-23 16:00:53.617706-08:00 [critical] Aborting: Cannot create run directory run: permission denied
2023-02-23 16:00:54.915287-08:00 [notice] Starting eturnal 1.10.1 on Erlang/OTP 25 (ERTS 13.1.2)
2023-02-23 16:00:54.915354-08:00 [info] Got no NOTIFY_SOCKET, notifications disabled
2023-02-23 16:00:54.915390-08:00 [info] Relay IPv4 address not configured
2023-02-23 16:00:54.915406-08:00 [info] Relay IPv6 address not configured
2023-02-23 16:00:54.915585-08:00 [info] Listening on 127.0.0.1:37815 (tcp) (Erlang protocol version 6)
2023-02-23 16:00:54.915665-08:00 [critical] Aborting: Cannot create run directory run: permission denied
2023-02-23 16:00:56.218154-08:00 [notice] Starting eturnal 1.10.1 on Erlang/OTP 25 (ERTS 13.1.2)
2023-02-23 16:00:56.218215-08:00 [info] Got no NOTIFY_SOCKET, notifications disabled
2023-02-23 16:00:56.218248-08:00 [info] Relay IPv4 address not configured
2023-02-23 16:00:56.218264-08:00 [info] Relay IPv6 address not configured
2023-02-23 16:00:56.218433-08:00 [info] Listening on 127.0.0.1:45831 (tcp) (Erlang protocol version 6)
2023-02-23 16:00:56.218504-08:00 [critical] Aborting: Cannot create run directory run: permission denied
2023-02-23 16:00:57.519700-08:00 [notice] Starting eturnal 1.10.1 on Erlang/OTP 25 (ERTS 13.1.2)
2023-02-23 16:00:57.519760-08:00 [info] Got no NOTIFY_SOCKET, notifications disabled
2023-02-23 16:00:57.519793-08:00 [info] Relay IPv4 address not configured
2023-02-23 16:00:57.519810-08:00 [info] Relay IPv6 address not configured
2023-02-23 16:00:57.519980-08:00 [info] Listening on 127.0.0.1:42415 (tcp) (Erlang protocol version 6)
2023-02-23 16:00:57.520055-08:00 [critical] Aborting: Cannot create run directory run: permission denied
2023-02-23 16:00:58.820516-08:00 [notice] Starting eturnal 1.10.1 on Erlang/OTP 25 (ERTS 13.1.2)
2023-02-23 16:00:58.820585-08:00 [info] Got no NOTIFY_SOCKET, notifications disabled
2023-02-23 16:00:58.820619-08:00 [info] Relay IPv4 address not configured
2023-02-23 16:00:58.820636-08:00 [info] Relay IPv6 address not configured
2023-02-23 16:00:58.820801-08:00 [info] Listening on 127.0.0.1:45665 (tcp) (Erlang protocol version 6)
2023-02-23 16:00:58.820876-08:00 [critical] Aborting: Cannot create run directory run: permission denied
2023-02-23 16:01:00.118400-08:00 [notice] Starting eturnal 1.10.1 on Erlang/OTP 25 (ERTS 13.1.2)
2023-02-23 16:01:00.118469-08:00 [info] Got no NOTIFY_SOCKET, notifications disabled
2023-02-23 16:01:00.118506-08:00 [info] Relay IPv4 address not configured
2023-02-23 16:01:00.118522-08:00 [info] Relay IPv6 address not configured
2023-02-23 16:01:00.118690-08:00 [info] Listening on 127.0.0.1:34401 (tcp) (Erlang protocol version 6)
2023-02-23 16:01:00.118775-08:00 [critical] Aborting: Cannot create run directory run: permission denied
2023-02-23 16:01:01.424108-08:00 [notice] Starting eturnal 1.10.1 on Erlang/OTP 25 (ERTS 13.1.2)
2023-02-23 16:01:01.424160-08:00 [info] Got no NOTIFY_SOCKET, notifications disabled
2023-02-23 16:01:01.424192-08:00 [info] Relay IPv4 address not configured
2023-02-23 16:01:01.424208-08:00 [info] Relay IPv6 address not configured
2023-02-23 16:01:01.424371-08:00 [info] Listening on 127.0.0.1:33749 (tcp) (Erlang protocol version 6)
2023-02-23 16:01:01.424443-08:00 [critical] Aborting: Cannot create run directory run: permission denied
2023-02-23 16:01:02.725763-08:00 [notice] Starting eturnal 1.10.1 on Erlang/OTP 25 (ERTS 13.1.2)
2023-02-23 16:01:02.725822-08:00 [info] Got no NOTIFY_SOCKET, notifications disabled
2023-02-23 16:01:02.725856-08:00 [info] Relay IPv4 address not configured
2023-02-23 16:01:02.725871-08:00 [info] Relay IPv6 address not configured
2023-02-23 16:01:02.726030-08:00 [info] Listening on 127.0.0.1:36441 (tcp) (Erlang protocol version 6)
2023-02-23 16:01:02.726106-08:00 [critical] Aborting: Cannot create run directory run: permission denied
2023-02-23 16:01:04.041983-08:00 [notice] Starting eturnal 1.10.1 on Erlang/OTP 25 (ERTS 13.1.2)
2023-02-23 16:01:04.042051-08:00 [info] Got no NOTIFY_SOCKET, notifications disabled
2023-02-23 16:01:04.042093-08:00 [info] Relay IPv4 address not configured
2023-02-23 16:01:04.042110-08:00 [info] Relay IPv6 address not configured
2023-02-23 16:01:04.042266-08:00 [info] Listening on 127.0.0.1:40007 (tcp) (Erlang protocol version 6)
2023-02-23 16:01:04.042340-08:00 [critical] Aborting: Cannot create run directory run: permission denied
2023-02-23 16:01:05.346739-08:00 [notice] Starting eturnal 1.10.1 on Erlang/OTP 25 (ERTS 13.1.2)
2023-02-23 16:01:05.346798-08:00 [info] Got no NOTIFY_SOCKET, notifications disabled
2023-02-23 16:01:05.346833-08:00 [info] Relay IPv4 address not configured
2023-02-23 16:01:05.346849-08:00 [info] Relay IPv6 address not configured
2023-02-23 16:01:05.347014-08:00 [info] Listening on 127.0.0.1:33229 (tcp) (Erlang protocol version 6)
2023-02-23 16:01:05.347088-08:00 [critical] Aborting: Cannot create run directory run: permission denied
2023-02-23 16:01:06.644569-08:00 [notice] Starting eturnal 1.10.1 on Erlang/OTP 25 (ERTS 13.1.2)
2023-02-23 16:01:06.644629-08:00 [info] Got no NOTIFY_SOCKET, notifications disabled
2023-02-23 16:01:06.644672-08:00 [info] Relay IPv4 address not configured
2023-02-23 16:01:06.644693-08:00 [info] Relay IPv6 address not configured
2023-02-23 16:01:06.644856-08:00 [info] Listening on 127.0.0.1:44087 (tcp) (Erlang protocol version 6)
2023-02-23 16:01:06.644929-08:00 [critical] Aborting: Cannot create run directory run: permission denied
2023-02-23 16:01:07.942596-08:00 [notice] Starting eturnal 1.10.1 on Erlang/OTP 25 (ERTS 13.1.2)
2023-02-23 16:01:07.942671-08:00 [info] Got no NOTIFY_SOCKET, notifications disabled
2023-02-23 16:01:07.942712-08:00 [info] Relay IPv4 address not configured
2023-02-23 16:01:07.942729-08:00 [info] Relay IPv6 address not configured
2023-02-23 16:01:07.942888-08:00 [info] Listening on 127.0.0.1:37043 (tcp) (Erlang protocol version 6)
2023-02-23 16:01:07.942961-08:00 [critical] Aborting: Cannot create run directory run: permission denied
2023-02-23 16:01:09.239230-08:00 [notice] Starting eturnal 1.10.1 on Erlang/OTP 25 (ERTS 13.1.2)
2023-02-23 16:01:09.239288-08:00 [info] Got no NOTIFY_SOCKET, notifications disabled
2023-02-23 16:01:09.239326-08:00 [info] Relay IPv4 address not configured
2023-02-23 16:01:09.239342-08:00 [info] Relay IPv6 address not configured
2023-02-23 16:01:09.239500-08:00 [info] Listening on 127.0.0.1:35377 (tcp) (Erlang protocol version 6)
2023-02-23 16:01:09.239580-08:00 [critical] Aborting: Cannot create run directory run: permission denied
2023-02-23 16:01:10.537703-08:00 [notice] Starting eturnal 1.10.1 on Erlang/OTP 25 (ERTS 13.1.2)
2023-02-23 16:01:10.537773-08:00 [info] Got no NOTIFY_SOCKET, notifications disabled
2023-02-23 16:01:10.537810-08:00 [info] Relay IPv4 address not configured
2023-02-23 16:01:10.537826-08:00 [info] Relay IPv6 address not configured
2023-02-23 16:01:10.537986-08:00 [info] Listening on 127.0.0.1:43099 (tcp) (Erlang protocol version 6)
2023-02-23 16:01:10.538073-08:00 [critical] Aborting: Cannot create run directory run: permission denied
2023-02-23 16:01:11.830172-08:00 [notice] Starting eturnal 1.10.1 on Erlang/OTP 25 (ERTS 13.1.2)
2023-02-23 16:01:11.830256-08:00 [info] Got no NOTIFY_SOCKET, notifications disabled
2023-02-23 16:01:11.830307-08:00 [info] Relay IPv4 address not configured
2023-02-23 16:01:11.830331-08:00 [info] Relay IPv6 address not configured
2023-02-23 16:01:11.830551-08:00 [info] Listening on 127.0.0.1:41971 (tcp) (Erlang protocol version 6)
2023-02-23 16:01:11.830627-08:00 [warning] Specify a 'relay_ipv4_addr' to enable TURN
2023-02-23 16:01:11.830814-08:00 [info] Listening on [::]:3478 (udp) (STUN/TURN)
2023-02-23 16:01:11.830949-08:00 [info] Listening on [::]:3478 (tcp) (STUN/TURN)
2023-02-23 16:01:11.831569-08:00 [error] file:path_eval(["/root","/root/.config/erlang"],".erlang"): permission denied

2023-02-23 16:02:56.820090-08:00 [notice] SIGTERM received - shutting down

2023-02-23 16:02:56.821033-08:00 [info] Stopped listening on [::]:3478 (udp)
2023-02-23 16:02:56.821106-08:00 [info] Stopped listening on [::]:3478 (tcp)
2023-02-23 16:02:56.821203-08:00 [notice] Stopping eturnal 1.10.1 on Erlang/OTP 25 (ERTS 13.1.2)
2023-02-23 16:03:03.352719-08:00 [notice] Starting eturnal 1.10.1 on Erlang/OTP 25 (ERTS 13.1.2)
2023-02-23 16:03:03.352781-08:00 [info] Got no NOTIFY_SOCKET, notifications disabled
2023-02-23 16:03:03.352818-08:00 [info] Relay IPv4 address not configured
2023-02-23 16:03:03.352836-08:00 [info] Relay IPv6 address not configured
2023-02-23 16:03:03.353001-08:00 [info] Listening on 127.0.0.1:37071 (tcp) (Erlang protocol version 6)
2023-02-23 16:03:03.353067-08:00 [warning] Specify a 'relay_ipv4_addr' to enable TURN
2023-02-23 16:03:03.353195-08:00 [info] Listening on [::]:3478 (udp) (STUN/TURN)
2023-02-23 16:03:03.353295-08:00 [info] Listening on [::]:3478 (tcp) (STUN/TURN)
2023-02-23 16:03:03.353798-08:00 [error] file:path_eval(["/root","/root/.config/erlang"],".erlang"): permission denied

2023-02-23 16:05:57.463219-08:00 [notice] SIGTERM received - shutting down

2023-02-23 16:05:57.464180-08:00 [info] Stopped listening on [::]:3478 (udp)
2023-02-23 16:05:57.464269-08:00 [info] Stopped listening on [::]:3478 (tcp)
2023-02-23 16:05:57.464364-08:00 [notice] Stopping eturnal 1.10.1 on Erlang/OTP 25 (ERTS 13.1.2)
2023-02-23 16:06:03.968781-08:00 [notice] Starting eturnal 1.10.1 on Erlang/OTP 25 (ERTS 13.1.2)
2023-02-23 16:06:03.968851-08:00 [info] Got no NOTIFY_SOCKET, notifications disabled
2023-02-23 16:06:03.968886-08:00 [info] Relay IPv4 address not configured
2023-02-23 16:06:03.968901-08:00 [info] Relay IPv6 address not configured
2023-02-23 16:06:03.969067-08:00 [info] Listening on 127.0.0.1:42513 (tcp) (Erlang protocol version 6)
2023-02-23 16:06:03.969142-08:00 [warning] Specify a 'relay_ipv4_addr' to enable TURN
2023-02-23 16:06:03.969300-08:00 [info] Listening on [::]:3478 (udp) (STUN/TURN)
2023-02-23 16:06:03.969411-08:00 [info] Listening on [::]:3478 (tcp) (STUN/TURN)
2023-02-23 16:08:05.304142-08:00 [notice] SIGTERM received - shutting down

2023-02-23 16:08:05.305115-08:00 [info] Stopped listening on [::]:3478 (udp)
2023-02-23 16:08:05.305203-08:00 [info] Stopped listening on [::]:3478 (tcp)
2023-02-23 16:08:05.305314-08:00 [notice] Stopping eturnal 1.10.1 on Erlang/OTP 25 (ERTS 13.1.2)
2023-02-23 16:08:11.793043-08:00 [notice] Starting eturnal 1.10.1 on Erlang/OTP 25 (ERTS 13.1.2)
2023-02-23 16:08:11.793117-08:00 [info] Got no NOTIFY_SOCKET, notifications disabled
2023-02-23 16:08:11.793160-08:00 [info] Relay IPv4 address not configured
2023-02-23 16:08:11.793180-08:00 [info] Relay IPv6 address not configured
2023-02-23 16:08:11.793376-08:00 [info] Listening on 127.0.0.1:43929 (tcp) (Erlang protocol version 6)
2023-02-23 16:08:11.793438-08:00 [warning] Specify a 'relay_ipv4_addr' to enable TURN
2023-02-23 16:08:11.793577-08:00 [info] Listening on [::]:3478 (udp) (STUN/TURN)
2023-02-23 16:08:11.793698-08:00 [info] Listening on [::]:3478 (tcp) (STUN/TURN)
2023-02-23 16:24:44.118332-08:00 [notice] SIGTERM received - shutting down

2023-02-23 16:24:44.119078-08:00 [info] Stopped listening on [::]:3478 (udp)
2023-02-23 16:24:44.119148-08:00 [info] Stopped listening on [::]:3478 (tcp)
2023-02-23 16:24:44.119239-08:00 [notice] Stopping eturnal 1.10.1 on Erlang/OTP 25 (ERTS 13.1.2)
2023-02-23 16:28:28.787593-08:00 [notice] Starting eturnal 1.10.1 on Erlang/OTP 25 (ERTS 13.1.2)
2023-02-23 16:28:28.787654-08:00 [info] Got no NOTIFY_SOCKET, notifications disabled
2023-02-23 16:28:28.787692-08:00 [info] Relay IPv4 address not configured
2023-02-23 16:28:28.787710-08:00 [info] Relay IPv6 address not configured
2023-02-23 16:28:28.787897-08:00 [info] Listening on 127.0.0.1:38177 (tcp) (Erlang protocol version 6)
2023-02-23 16:28:28.787963-08:00 [warning] Specify a 'relay_ipv4_addr' to enable TURN
2023-02-23 16:28:28.788104-08:00 [info] Listening on [::]:3478 (udp) (STUN/TURN)
2023-02-23 16:28:28.788216-08:00 [info] Listening on [::]:3478 (tcp) (STUN/TURN)
2023-02-23 16:28:55.185912-08:00 [notice] SIGTERM received - shutting down

2023-02-23 16:28:55.186598-08:00 [info] Stopped listening on [::]:3478 (udp)
2023-02-23 16:28:55.186660-08:00 [info] Stopped listening on [::]:3478 (tcp)
2023-02-23 16:28:55.186737-08:00 [notice] Stopping eturnal 1.10.1 on Erlang/OTP 25 (ERTS 13.1.2)
2023-02-23 16:29:01.805822-08:00 [notice] Starting eturnal 1.10.1 on Erlang/OTP 25 (ERTS 13.1.2)
2023-02-23 16:29:01.805882-08:00 [info] Got no NOTIFY_SOCKET, notifications disabled
2023-02-23 16:29:01.805922-08:00 [info] Relay IPv4 address not configured
2023-02-23 16:29:01.805941-08:00 [info] Relay IPv6 address not configured
2023-02-23 16:29:01.806108-08:00 [info] Listening on 127.0.0.1:43205 (tcp) (Erlang protocol version 6)
2023-02-23 16:29:01.806170-08:00 [warning] Specify a 'relay_ipv4_addr' to enable TURN
2023-02-23 16:29:01.806309-08:00 [info] Listening on [::]:3478 (udp) (STUN/TURN)
2023-02-23 16:29:01.806421-08:00 [info] Listening on [::]:3478 (tcp) (STUN/TURN)
2023-02-23 16:29:34.135254-08:00 [notice] SIGTERM received - shutting down

2023-02-23 16:29:34.136090-08:00 [info] Stopped listening on [::]:3478 (udp)
2023-02-23 16:29:34.136156-08:00 [info] Stopped listening on [::]:3478 (tcp)
2023-02-23 16:29:34.136240-08:00 [notice] Stopping eturnal 1.10.1 on Erlang/OTP 25 (ERTS 13.1.2)
2023-02-23 16:29:40.928171-08:00 [notice] Starting eturnal 1.10.1 on Erlang/OTP 25 (ERTS 13.1.2)
2023-02-23 16:29:40.928222-08:00 [info] Got no NOTIFY_SOCKET, notifications disabled
2023-02-23 16:29:40.928263-08:00 [info] Relay IPv4 address: 15.235.118.34 (port range: 49152-65535)
2023-02-23 16:29:40.928291-08:00 [info] Relay IPv6 address not configured
2023-02-23 16:29:40.928455-08:00 [info] Listening on 127.0.0.1:35601 (tcp) (Erlang protocol version 6)
2023-02-23 16:29:40.928611-08:00 [info] Listening on [::]:3478 (udp) (STUN/TURN)
2023-02-23 16:29:40.928718-08:00 [info] Listening on [::]:3478 (tcp) (STUN/TURN)
